This is pdfTeX, Version 3.141592653-2.6-1.40.22 (TeX Live 2022/dev/Debian) (preloaded format=pdflatex 2025.12.11)  7 APR 2026 19:36
entering extended mode
 restricted \write18 enabled.
 file:line:error style messages enabled.
 %&-line parsing enabled.
**/home/nolen/School/MTE481/exoni_final_report/main.tex
(/home/nolen/School/MTE481/exoni_final_report/main.tex
LaTeX2e <2021-11-15> patch level 1
L3 programming layer <2022-01-21> (/usr/share/texlive/texmf-dist/tex/latex/base/article.cls
Document Class: article 2021/10/04 v1.4n Standard LaTeX document class
(/usr/share/texlive/texmf-dist/tex/latex/base/size11.clo
File: size11.clo 2021/10/04 v1.4n Standard LaTeX file (size option)
)
\c@part=\count185
\c@section=\count186
\c@subsection=\count187
\c@subsubsection=\count188
\c@paragraph=\count189
\c@subparagraph=\count190
\c@figure=\count191
\c@table=\count192
\abovecaptionskip=\skip47
\belowcaptionskip=\skip48
\bibindent=\dimen138
) (/usr/share/texlive/texmf-dist/tex/latex/base/inputenc.sty
Package: inputenc 2021/02/14 v1.3d Input encoding file
\inpenc@prehook=\toks16
\inpenc@posthook=\toks17
) (/usr/share/texlive/texmf-dist/tex/generic/babel/babel.sty
Package: babel 2022/01/26 3.70 The Babel package
\babel@savecnt=\count193
\U@D=\dimen139
\l@unhyphenated=\language3
 (/usr/share/texlive/texmf-dist/tex/generic/babel/txtbabel.def)
\bbl@readstream=\read2
\bbl@dirlevel=\count194
 (/usr/share/texlive/texmf-dist/tex/generic/babel-english/english.ldf
Language: english 2017/06/06 v3.3r English support from the babel system
Package babel Info: Hyphen rules for 'british' set to \l@english
(babel)             (\language0). Reported on input line 82.
Package babel Info: Hyphen rules for 'UKenglish' set to \l@english
(babel)             (\language0). Reported on input line 83.
Package babel Info: Hyphen rules for 'canadian' set to \l@english
(babel)             (\language0). Reported on input line 102.
Package babel Info: Hyphen rules for 'australian' set to \l@english
(babel)             (\language0). Reported on input line 105.
Package babel Info: Hyphen rules for 'newzealand' set to \l@english
(babel)             (\language0). Reported on input line 108.
)) (/usr/share/texlive/texmf-dist/tex/latex/amsfonts/amsfonts.sty
Package: amsfonts 2013/01/14 v3.01 Basic AMSFonts support
\@emptytoks=\toks18
\symAMSa=\mathgroup4
\symAMSb=\mathgroup5
LaTeX Font Info:    Redeclaring math symbol \hbar on input line 98.
LaTeX Font Info:    Overwriting math alphabet `\mathfrak' in version `bold'
(Font)                  U/euf/m/n --> U/euf/b/n on input line 106.
) (/usr/share/texlive/texmf-dist/tex/latex/amsmath/amsmath.sty
Package: amsmath 2021/10/15 v2.17l AMS math features
\@mathmargin=\skip49

For additional information on amsmath, use the `?' option.
(/usr/share/texlive/texmf-dist/tex/latex/amsmath/amstext.sty
Package: amstext 2021/08/26 v2.01 AMS text
 (/usr/share/texlive/texmf-dist/tex/latex/amsmath/amsgen.sty
File: amsgen.sty 1999/11/30 v2.0 generic functions
\@emptytoks=\toks19
\ex@=\dimen140
)) (/usr/share/texlive/texmf-dist/tex/latex/amsmath/amsbsy.sty
Package: amsbsy 1999/11/29 v1.2d Bold Symbols
\pmbraise@=\dimen141
) (/usr/share/texlive/texmf-dist/tex/latex/amsmath/amsopn.sty
Package: amsopn 2021/08/26 v2.02 operator names
)
\inf@bad=\count195
LaTeX Info: Redefining \frac on input line 234.
\uproot@=\count196
\leftroot@=\count197
LaTeX Info: Redefining \overline on input line 399.
\classnum@=\count198
\DOTSCASE@=\count199
LaTeX Info: Redefining \ldots on input line 496.
LaTeX Info: Redefining \dots on input line 499.
LaTeX Info: Redefining \cdots on input line 620.
\Mathstrutbox@=\box50
\strutbox@=\box51
\big@size=\dimen142
LaTeX Font Info:    Redeclaring font encoding OML on input line 743.
LaTeX Font Info:    Redeclaring font encoding OMS on input line 744.
\macc@depth=\count266
\c@MaxMatrixCols=\count267
\dotsspace@=\muskip16
\c@parentequation=\count268
\dspbrk@lvl=\count269
\tag@help=\toks20
\row@=\count270
\column@=\count271
\maxfields@=\count272
\andhelp@=\toks21
\eqnshift@=\dimen143
\alignsep@=\dimen144
\tagshift@=\dimen145
\tagwidth@=\dimen146
\totwidth@=\dimen147
\lineht@=\dimen148
\@envbody=\toks22
\multlinegap=\skip50
\multlinetaggap=\skip51
\mathdisplay@stack=\toks23
LaTeX Info: Redefining \[ on input line 2938.
LaTeX Info: Redefining \] on input line 2939.
) (/usr/share/texlive/texmf-dist/tex/latex/amsfonts/amssymb.sty
Package: amssymb 2013/01/14 v3.01 AMS font symbols
) (/usr/share/texlive/texmf-dist/tex/latex/graphics/graphicx.sty
Package: graphicx 2021/09/16 v1.2d Enhanced LaTeX Graphics (DPC,SPQR)
 (/usr/share/texlive/texmf-dist/tex/latex/graphics/keyval.sty
Package: keyval 2014/10/28 v1.15 key=value parser (DPC)
\KV@toks@=\toks24
) (/usr/share/texlive/texmf-dist/tex/latex/graphics/graphics.sty
Package: graphics 2021/03/04 v1.4d Standard LaTeX Graphics (DPC,SPQR)
 (/usr/share/texlive/texmf-dist/tex/latex/graphics/trig.sty
Package: trig 2021/08/11 v1.11 sin cos tan (DPC)
) (/usr/share/texlive/texmf-dist/tex/latex/graphics-cfg/graphics.cfg
File: graphics.cfg 2016/06/04 v1.11 sample graphics configuration
)
Package graphics Info: Driver file: pdftex.def on input line 107.
 (/usr/share/texlive/texmf-dist/tex/latex/graphics-def/pdftex.def
File: pdftex.def 2020/10/05 v1.2a Graphics/color driver for pdftex
))
\Gin@req@height=\dimen149
\Gin@req@width=\dimen150
) (/usr/share/texlive/texmf-dist/tex/latex/geometry/geometry.sty
Package: geometry 2020/01/02 v5.9 Page Geometry
 (/usr/share/texlive/texmf-dist/tex/generic/iftex/ifvtex.sty
Package: ifvtex 2019/10/25 v1.7 ifvtex legacy package. Use iftex instead.
 (/usr/share/texlive/texmf-dist/tex/generic/iftex/iftex.sty
Package: iftex 2020/03/06 v1.0d TeX engine tests
))
\Gm@cnth=\count273
\Gm@cntv=\count274
\c@Gm@tempcnt=\count275
\Gm@bindingoffset=\dimen151
\Gm@wd@mp=\dimen152
\Gm@odd@mp=\dimen153
\Gm@even@mp=\dimen154
\Gm@layoutwidth=\dimen155
\Gm@layoutheight=\dimen156
\Gm@layouthoffset=\dimen157
\Gm@layoutvoffset=\dimen158
\Gm@dimlist=\toks25


Package geometry Warning: Over-specification in `h'-direction.
    `width' (794.96999pt) is ignored.


Package geometry Warning: Over-specification in `v'-direction.
    `height' (614.295pt) is ignored.

) (/usr/share/texlive/texmf-dist/tex/latex/titling/titling.sty
Package: titling 2009/09/04 v2.1d maketitle typesetting
\thanksmarkwidth=\skip52
\thanksmargin=\skip53
\droptitle=\skip54
) (/usr/share/texlive/texmf-dist/tex/latex/float/float.sty
Package: float 2001/11/08 v1.3d Float enhancements (AL)
\c@float@type=\count276
\float@exts=\toks26
\float@box=\box52
\@float@everytoks=\toks27
\@floatcapt=\box53
) (/usr/share/texlive/texmf-dist/tex/latex/caption/caption.sty
Package: caption 2020/10/26 v3.5g Customizing captions (AR)
 (/usr/share/texlive/texmf-dist/tex/latex/caption/caption3.sty
Package: caption3 2020/10/21 v2.2e caption3 kernel (AR)
\captionmargin=\dimen159
\captionmargin@=\dimen160
\captionwidth=\dimen161
\caption@tempdima=\dimen162
\caption@indent=\dimen163
\caption@parindent=\dimen164
\caption@hangindent=\dimen165
Package caption Info: Standard document class detected.
)
\c@caption@flags=\count277
\c@continuedfloat=\count278
Package caption Info: float package is loaded.
) (/usr/share/texlive/texmf-dist/tex/latex/setspace/setspace.sty
Package: setspace 2011/12/19 v6.7a set line spacing
) (/usr/share/texlive/texmf-dist/tex/latex/booktabs/booktabs.sty
Package: booktabs 2020/01/12 v1.61803398 Publication quality tables
\heavyrulewidth=\dimen166
\lightrulewidth=\dimen167
\cmidrulewidth=\dimen168
\belowrulesep=\dimen169
\belowbottomsep=\dimen170
\aboverulesep=\dimen171
\abovetopsep=\dimen172
\cmidrulesep=\dimen173
\cmidrulekern=\dimen174
\defaultaddspace=\dimen175
\@cmidla=\count279
\@cmidlb=\count280
\@aboverulesep=\dimen176
\@belowrulesep=\dimen177
\@thisruleclass=\count281
\@lastruleclass=\count282
\@thisrulewidth=\dimen178
) (/usr/share/texlive/texmf-dist/tex/latex/tools/tabularx.sty
Package: tabularx 2020/01/15 v2.11c `tabularx' package (DPC)
 (/usr/share/texlive/texmf-dist/tex/latex/tools/array.sty
Package: array 2021/10/04 v2.5f Tabular extension package (FMi)
\col@sep=\dimen179
\ar@mcellbox=\box54
\extrarowheight=\dimen180
\NC@list=\toks28
\extratabsurround=\skip55
\backup@length=\skip56
\ar@cellbox=\box55
)
\TX@col@width=\dimen181
\TX@old@table=\dimen182
\TX@old@col=\dimen183
\TX@target=\dimen184
\TX@delta=\dimen185
\TX@cols=\count283
\TX@ftn=\toks29
) (/usr/share/texlive/texmf-dist/tex/latex/fancyhdr/fancyhdr.sty
Package: fancyhdr 2021/01/28 v4.0.1 Extensive control of page headers and footers
\f@nch@headwidth=\skip57
\f@nch@O@elh=\skip58
\f@nch@O@erh=\skip59
\f@nch@O@olh=\skip60
\f@nch@O@orh=\skip61
\f@nch@O@elf=\skip62
\f@nch@O@erf=\skip63
\f@nch@O@olf=\skip64
\f@nch@O@orf=\skip65
) (/usr/share/texlive/texmf-dist/tex/latex/hyperref/hyperref.sty
Package: hyperref 2021-06-07 v7.00m Hypertext links for LaTeX
 (/usr/share/texlive/texmf-dist/tex/generic/ltxcmds/ltxcmds.sty
Package: ltxcmds 2020-05-10 v1.25 LaTeX kernel commands for general use (HO)
) (/usr/share/texlive/texmf-dist/tex/generic/pdftexcmds/pdftexcmds.sty
Package: pdftexcmds 2020-06-27 v0.33 Utility functions of pdfTeX for LuaTeX (HO)
 (/usr/share/texlive/texmf-dist/tex/generic/infwarerr/infwarerr.sty
Package: infwarerr 2019/12/03 v1.5 Providing info/warning/error messages (HO)
)
Package pdftexcmds Info: \pdf@primitive is available.
Package pdftexcmds Info: \pdf@ifprimitive is available.
Package pdftexcmds Info: \pdfdraftmode found.
) (/usr/share/texlive/texmf-dist/tex/generic/kvsetkeys/kvsetkeys.sty
Package: kvsetkeys 2019/12/15 v1.18 Key value parser (HO)
) (/usr/share/texlive/texmf-dist/tex/generic/kvdefinekeys/kvdefinekeys.sty
Package: kvdefinekeys 2019-12-19 v1.6 Define keys (HO)
) (/usr/share/texlive/texmf-dist/tex/generic/pdfescape/pdfescape.sty
Package: pdfescape 2019/12/09 v1.15 Implements pdfTeX's escape features (HO)
) (/usr/share/texlive/texmf-dist/tex/latex/hycolor/hycolor.sty
Package: hycolor 2020-01-27 v1.10 Color options for hyperref/bookmark (HO)
) (/usr/share/texlive/texmf-dist/tex/latex/letltxmacro/letltxmacro.sty
Package: letltxmacro 2019/12/03 v1.6 Let assignment for LaTeX macros (HO)
) (/usr/share/texlive/texmf-dist/tex/latex/auxhook/auxhook.sty
Package: auxhook 2019-12-17 v1.6 Hooks for auxiliary files (HO)
) (/usr/share/texlive/texmf-dist/tex/latex/kvoptions/kvoptions.sty
Package: kvoptions 2020-10-07 v3.14 Key value format for package options (HO)
)
\@linkdim=\dimen186
\Hy@linkcounter=\count284
\Hy@pagecounter=\count285
 (/usr/share/texlive/texmf-dist/tex/latex/hyperref/pd1enc.def
File: pd1enc.def 2021-06-07 v7.00m Hyperref: PDFDocEncoding definition (HO)
Now handling font encoding PD1 ...
... no UTF-8 mapping file for font encoding PD1
) (/usr/share/texlive/texmf-dist/tex/latex/hyperref/hyperref-langpatches.def
File: hyperref-langpatches.def 2021-06-07 v7.00m Hyperref: patches for babel languages
) (/usr/share/texlive/texmf-dist/tex/generic/intcalc/intcalc.sty
Package: intcalc 2019/12/15 v1.3 Expandable calculations with integers (HO)
) (/usr/share/texlive/texmf-dist/tex/generic/etexcmds/etexcmds.sty
Package: etexcmds 2019/12/15 v1.7 Avoid name clashes with e-TeX commands (HO)
)
\Hy@SavedSpaceFactor=\count286
 (/usr/share/texlive/texmf-dist/tex/latex/hyperref/puenc.def
File: puenc.def 2021-06-07 v7.00m Hyperref: PDF Unicode definition (HO)
Now handling font encoding PU ...
... no UTF-8 mapping file for font encoding PU
)
Package hyperref Info: Hyper figures OFF on input line 4192.
Package hyperref Info: Link nesting OFF on input line 4197.
Package hyperref Info: Hyper index ON on input line 4200.
Package hyperref Info: Plain pages OFF on input line 4207.
Package hyperref Info: Backreferencing OFF on input line 4212.
Package hyperref Info: Implicit mode ON; LaTeX internals redefined.
Package hyperref Info: Bookmarks ON on input line 4445.
\c@Hy@tempcnt=\count287
 (/usr/share/texlive/texmf-dist/tex/latex/url/url.sty
\Urlmuskip=\muskip17
Package: url 2013/09/16  ver 3.4  Verb mode for urls, etc.
)
LaTeX Info: Redefining \url on input line 4804.
\XeTeXLinkMargin=\dimen187
 (/usr/share/texlive/texmf-dist/tex/generic/bitset/bitset.sty
Package: bitset 2019/12/09 v1.3 Handle bit-vector datatype (HO)
 (/usr/share/texlive/texmf-dist/tex/generic/bigintcalc/bigintcalc.sty
Package: bigintcalc 2019/12/15 v1.5 Expandable calculations on big integers (HO)
))
\Fld@menulength=\count288
\Field@Width=\dimen188
\Fld@charsize=\dimen189
Package hyperref Info: Hyper figures OFF on input line 6076.
Package hyperref Info: Link nesting OFF on input line 6081.
Package hyperref Info: Hyper index ON on input line 6084.
Package hyperref Info: backreferencing OFF on input line 6091.
Package hyperref Info: Link coloring OFF on input line 6096.
Package hyperref Info: Link coloring with OCG OFF on input line 6101.
Package hyperref Info: PDF/A mode OFF on input line 6106.
LaTeX Info: Redefining \ref on input line 6146.
LaTeX Info: Redefining \pageref on input line 6150.
 (/usr/share/texlive/texmf-dist/tex/latex/base/atbegshi-ltx.sty
Package: atbegshi-ltx 2021/01/10 v1.0c Emulation of the original atbegshi
package with kernel methods
)
\Hy@abspage=\count289
\c@Item=\count290
\c@Hfootnote=\count291
)
Package hyperref Info: Driver (autodetected): hpdftex.
 (/usr/share/texlive/texmf-dist/tex/latex/hyperref/hpdftex.def
File: hpdftex.def 2021-06-07 v7.00m Hyperref driver for pdfTeX
 (/usr/share/texlive/texmf-dist/tex/latex/base/atveryend-ltx.sty
Package: atveryend-ltx 2020/08/19 v1.0a Emulation of the original atveryend package
with kernel methods
)
\Fld@listcount=\count292
\c@bookmark@seq@number=\count293
 (/usr/share/texlive/texmf-dist/tex/latex/rerunfilecheck/rerunfilecheck.sty
Package: rerunfilecheck 2019/12/05 v1.9 Rerun checks for auxiliary files (HO)
 (/usr/share/texlive/texmf-dist/tex/generic/uniquecounter/uniquecounter.sty
Package: uniquecounter 2019/12/15 v1.4 Provide unlimited unique counter (HO)
)
Package uniquecounter Info: New unique counter `rerunfilecheck' on input line 286.
)
\Hy@SectionHShift=\skip66
) (/usr/share/texlive/texmf-dist/tex/latex/oberdiek/hypcap.sty
Package: hypcap 2016/05/16 v1.12 Adjusting the anchors of captions (HO)
) (/usr/share/texlive/texmf-dist/tex/latex/tocbibind/tocbibind.sty
Package: tocbibind 2010/10/13 v1.5k extra ToC listings
Package tocbibind Info: The document has section divisions on input line 50.


Package tocbibind Note: Using section or other style headings.

) (/usr/share/texlive/texmf-dist/tex/latex/was/gensymb.sty
Package: gensymb 2003/07/02 v1.0 (WaS)
) (/usr/share/texlive/texmf-dist/tex/latex/pgfgantt/pgfgantt.sty
Package: pgfgantt 2018/01/10 v5.0 Draw Gantt diagrams with TikZ
 (/usr/share/texlive/texmf-dist/tex/latex/pgf/frontendlayer/tikz.sty (/usr/share/texlive/texmf-dist/tex/latex/pgf/basiclayer/pgf.sty (/usr/share/texlive/texmf-dist/tex/latex/pgf/utilities/pgfrcs.sty (/usr/share/texlive/texmf-dist/tex/generic/pgf/utilities/pgfutil-common.tex
\pgfutil@everybye=\toks30
\pgfutil@tempdima=\dimen190
\pgfutil@tempdimb=\dimen191
 (/usr/share/texlive/texmf-dist/tex/generic/pgf/utilities/pgfutil-common-lists.tex)) (/usr/share/texlive/texmf-dist/tex/generic/pgf/utilities/pgfutil-latex.def
\pgfutil@abb=\box56
) (/usr/share/texlive/texmf-dist/tex/generic/pgf/utilities/pgfrcs.code.tex (/usr/share/texlive/texmf-dist/tex/generic/pgf/pgf.revision.tex)
Package: pgfrcs 2021/05/15 v3.1.9a (3.1.9a)
))
Package: pgf 2021/05/15 v3.1.9a (3.1.9a)
 (/usr/share/texlive/texmf-dist/tex/latex/pgf/basiclayer/pgfcore.sty (/usr/share/texlive/texmf-dist/tex/latex/pgf/systemlayer/pgfsys.sty (/usr/share/texlive/texmf-dist/tex/generic/pgf/systemlayer/pgfsys.code.tex
Package: pgfsys 2021/05/15 v3.1.9a (3.1.9a)
 (/usr/share/texlive/texmf-dist/tex/generic/pgf/utilities/pgfkeys.code.tex
\pgfkeys@pathtoks=\toks31
\pgfkeys@temptoks=\toks32
 (/usr/share/texlive/texmf-dist/tex/generic/pgf/utilities/pgfkeysfiltered.code.tex
\pgfkeys@tmptoks=\toks33
))
\pgf@x=\dimen192
\pgf@y=\dimen193
\pgf@xa=\dimen194
\pgf@ya=\dimen195
\pgf@xb=\dimen196
\pgf@yb=\dimen197
\pgf@xc=\dimen198
\pgf@yc=\dimen199
\pgf@xd=\dimen256
\pgf@yd=\dimen257
\w@pgf@writea=\write3
\r@pgf@reada=\read3
\c@pgf@counta=\count294
\c@pgf@countb=\count295
\c@pgf@countc=\count296
\c@pgf@countd=\count297
\t@pgf@toka=\toks34
\t@pgf@tokb=\toks35
\t@pgf@tokc=\toks36
\pgf@sys@id@count=\count298
 (/usr/share/texlive/texmf-dist/tex/generic/pgf/systemlayer/pgf.cfg
File: pgf.cfg 2021/05/15 v3.1.9a (3.1.9a)
)
Driver file for pgf: pgfsys-pdftex.def
 (/usr/share/texlive/texmf-dist/tex/generic/pgf/systemlayer/pgfsys-pdftex.def
File: pgfsys-pdftex.def 2021/05/15 v3.1.9a (3.1.9a)
 (/usr/share/texlive/texmf-dist/tex/generic/pgf/systemlayer/pgfsys-common-pdf.def
File: pgfsys-common-pdf.def 2021/05/15 v3.1.9a (3.1.9a)
))) (/usr/share/texlive/texmf-dist/tex/generic/pgf/systemlayer/pgfsyssoftpath.code.tex
File: pgfsyssoftpath.code.tex 2021/05/15 v3.1.9a (3.1.9a)
\pgfsyssoftpath@smallbuffer@items=\count299
\pgfsyssoftpath@bigbuffer@items=\count300
) (/usr/share/texlive/texmf-dist/tex/generic/pgf/systemlayer/pgfsysprotocol.code.tex
File: pgfsysprotocol.code.tex 2021/05/15 v3.1.9a (3.1.9a)
)) (/usr/share/texlive/texmf-dist/tex/latex/xcolor/xcolor.sty
Package: xcolor 2021/10/31 v2.13 LaTeX color extensions (UK)
 (/usr/share/texlive/texmf-dist/tex/latex/graphics-cfg/color.cfg
File: color.cfg 2016/01/02 v1.6 sample color configuration
)
Package xcolor Info: Driver file: pdftex.def on input line 227.
Package xcolor Info: Model `cmy' substituted by `cmy0' on input line 1352.
Package xcolor Info: Model `hsb' substituted by `rgb' on input line 1356.
Package xcolor Info: Model `RGB' extended on input line 1368.
Package xcolor Info: Model `HTML' substituted by `rgb' on input line 1370.
Package xcolor Info: Model `Hsb' substituted by `hsb' on input line 1371.
Package xcolor Info: Model `tHsb' substituted by `hsb' on input line 1372.
Package xcolor Info: Model `HSB' substituted by `hsb' on input line 1373.
Package xcolor Info: Model `Gray' substituted by `gray' on input line 1374.
Package xcolor Info: Model `wave' substituted by `hsb' on input line 1375.
) (/usr/share/texlive/texmf-dist/tex/generic/pgf/basiclayer/pgfcore.code.tex
Package: pgfcore 2021/05/15 v3.1.9a (3.1.9a)
 (/usr/share/texlive/texmf-dist/tex/generic/pgf/math/pgfmath.code.tex (/usr/share/texlive/texmf-dist/tex/generic/pgf/math/pgfmathcalc.code.tex (/usr/share/texlive/texmf-dist/tex/generic/pgf/math/pgfmathutil.code.tex) (/usr/share/texlive/texmf-dist/tex/generic/pgf/math/pgfmathparser.code.tex
\pgfmath@dimen=\dimen258
\pgfmath@count=\count301
\pgfmath@box=\box57
\pgfmath@toks=\toks37
\pgfmath@stack@operand=\toks38
\pgfmath@stack@operation=\toks39
) (/usr/share/texlive/texmf-dist/tex/generic/pgf/math/pgfmathfunctions.code.tex (/usr/share/texlive/texmf-dist/tex/generic/pgf/math/pgfmathfunctions.basic.code.tex) (/usr/share/texlive/texmf-dist/tex/generic/pgf/math/pgfmathfunctions.trigonometric.code.tex) (/usr/share/texlive/texmf-dist/tex/generic/pgf/math/pgfmathfunctions.random.code.tex) (/usr/share/texlive/texmf-dist/tex/generic/pgf/math/pgfmathfunctions.comparison.code.tex) (/usr/share/texlive/texmf-dist/tex/generic/pgf/math/pgfmathfunctions.base.code.tex) (/usr/share/texlive/texmf-dist/tex/generic/pgf/math/pgfmathfunctions.round.code.tex) (/usr/share/texlive/texmf-dist/tex/generic/pgf/math/pgfmathfunctions.misc.code.tex) (/usr/share/texlive/texmf-dist/tex/generic/pgf/math/pgfmathfunctions.integerarithmetics.code.tex))) (/usr/share/texlive/texmf-dist/tex/generic/pgf/math/pgfmathfloat.code.tex
\c@pgfmathroundto@lastzeros=\count302
)) (/usr/share/texlive/texmf-dist/tex/generic/pgf/math/pgfint.code.tex) (/usr/share/texlive/texmf-dist/tex/generic/pgf/basiclayer/pgfcorepoints.code.tex
File: pgfcorepoints.code.tex 2021/05/15 v3.1.9a (3.1.9a)
\pgf@picminx=\dimen259
\pgf@picmaxx=\dimen260
\pgf@picminy=\dimen261
\pgf@picmaxy=\dimen262
\pgf@pathminx=\dimen263
\pgf@pathmaxx=\dimen264
\pgf@pathminy=\dimen265
\pgf@pathmaxy=\dimen266
\pgf@xx=\dimen267
\pgf@xy=\dimen268
\pgf@yx=\dimen269
\pgf@yy=\dimen270
\pgf@zx=\dimen271
\pgf@zy=\dimen272
) (/usr/share/texlive/texmf-dist/tex/generic/pgf/basiclayer/pgfcorepathconstruct.code.tex
File: pgfcorepathconstruct.code.tex 2021/05/15 v3.1.9a (3.1.9a)
\pgf@path@lastx=\dimen273
\pgf@path@lasty=\dimen274
) (/usr/share/texlive/texmf-dist/tex/generic/pgf/basiclayer/pgfcorepathusage.code.tex
File: pgfcorepathusage.code.tex 2021/05/15 v3.1.9a (3.1.9a)
\pgf@shorten@end@additional=\dimen275
\pgf@shorten@start@additional=\dimen276
) (/usr/share/texlive/texmf-dist/tex/generic/pgf/basiclayer/pgfcorescopes.code.tex
File: pgfcorescopes.code.tex 2021/05/15 v3.1.9a (3.1.9a)
\pgfpic=\box58
\pgf@hbox=\box59
\pgf@layerbox@main=\box60
\pgf@picture@serial@count=\count303
) (/usr/share/texlive/texmf-dist/tex/generic/pgf/basiclayer/pgfcoregraphicstate.code.tex
File: pgfcoregraphicstate.code.tex 2021/05/15 v3.1.9a (3.1.9a)
\pgflinewidth=\dimen277
) (/usr/share/texlive/texmf-dist/tex/generic/pgf/basiclayer/pgfcoretransformations.code.tex
File: pgfcoretransformations.code.tex 2021/05/15 v3.1.9a (3.1.9a)
\pgf@pt@x=\dimen278
\pgf@pt@y=\dimen279
\pgf@pt@temp=\dimen280
) (/usr/share/texlive/texmf-dist/tex/generic/pgf/basiclayer/pgfcorequick.code.tex
File: pgfcorequick.code.tex 2021/05/15 v3.1.9a (3.1.9a)
) (/usr/share/texlive/texmf-dist/tex/generic/pgf/basiclayer/pgfcoreobjects.code.tex
File: pgfcoreobjects.code.tex 2021/05/15 v3.1.9a (3.1.9a)
) (/usr/share/texlive/texmf-dist/tex/generic/pgf/basiclayer/pgfcorepathprocessing.code.tex
File: pgfcorepathprocessing.code.tex 2021/05/15 v3.1.9a (3.1.9a)
) (/usr/share/texlive/texmf-dist/tex/generic/pgf/basiclayer/pgfcorearrows.code.tex
File: pgfcorearrows.code.tex 2021/05/15 v3.1.9a (3.1.9a)
\pgfarrowsep=\dimen281
) (/usr/share/texlive/texmf-dist/tex/generic/pgf/basiclayer/pgfcoreshade.code.tex
File: pgfcoreshade.code.tex 2021/05/15 v3.1.9a (3.1.9a)
\pgf@max=\dimen282
\pgf@sys@shading@range@num=\count304
\pgf@shadingcount=\count305
) (/usr/share/texlive/texmf-dist/tex/generic/pgf/basiclayer/pgfcoreimage.code.tex
File: pgfcoreimage.code.tex 2021/05/15 v3.1.9a (3.1.9a)
 (/usr/share/texlive/texmf-dist/tex/generic/pgf/basiclayer/pgfcoreexternal.code.tex
File: pgfcoreexternal.code.tex 2021/05/15 v3.1.9a (3.1.9a)
\pgfexternal@startupbox=\box61
)) (/usr/share/texlive/texmf-dist/tex/generic/pgf/basiclayer/pgfcorelayers.code.tex
File: pgfcorelayers.code.tex 2021/05/15 v3.1.9a (3.1.9a)
) (/usr/share/texlive/texmf-dist/tex/generic/pgf/basiclayer/pgfcoretransparency.code.tex
File: pgfcoretransparency.code.tex 2021/05/15 v3.1.9a (3.1.9a)
) (/usr/share/texlive/texmf-dist/tex/generic/pgf/basiclayer/pgfcorepatterns.code.tex
File: pgfcorepatterns.code.tex 2021/05/15 v3.1.9a (3.1.9a)
) (/usr/share/texlive/texmf-dist/tex/generic/pgf/basiclayer/pgfcorerdf.code.tex
File: pgfcorerdf.code.tex 2021/05/15 v3.1.9a (3.1.9a)
))) (/usr/share/texlive/texmf-dist/tex/generic/pgf/modules/pgfmoduleshapes.code.tex
File: pgfmoduleshapes.code.tex 2021/05/15 v3.1.9a (3.1.9a)
\pgfnodeparttextbox=\box62
) (/usr/share/texlive/texmf-dist/tex/generic/pgf/modules/pgfmoduleplot.code.tex
File: pgfmoduleplot.code.tex 2021/05/15 v3.1.9a (3.1.9a)
) (/usr/share/texlive/texmf-dist/tex/latex/pgf/compatibility/pgfcomp-version-0-65.sty
Package: pgfcomp-version-0-65 2021/05/15 v3.1.9a (3.1.9a)
\pgf@nodesepstart=\dimen283
\pgf@nodesepend=\dimen284
) (/usr/share/texlive/texmf-dist/tex/latex/pgf/compatibility/pgfcomp-version-1-18.sty
Package: pgfcomp-version-1-18 2021/05/15 v3.1.9a (3.1.9a)
)) (/usr/share/texlive/texmf-dist/tex/latex/pgf/utilities/pgffor.sty (/usr/share/texlive/texmf-dist/tex/latex/pgf/utilities/pgfkeys.sty (/usr/share/texlive/texmf-dist/tex/generic/pgf/utilities/pgfkeys.code.tex)) (/usr/share/texlive/texmf-dist/tex/latex/pgf/math/pgfmath.sty (/usr/share/texlive/texmf-dist/tex/generic/pgf/math/pgfmath.code.tex)) (/usr/share/texlive/texmf-dist/tex/generic/pgf/utilities/pgffor.code.tex
Package: pgffor 2021/05/15 v3.1.9a (3.1.9a)
 (/usr/share/texlive/texmf-dist/tex/generic/pgf/math/pgfmath.code.tex)
\pgffor@iter=\dimen285
\pgffor@skip=\dimen286
\pgffor@stack=\toks40
\pgffor@toks=\toks41
)) (/usr/share/texlive/texmf-dist/tex/generic/pgf/frontendlayer/tikz/tikz.code.tex
Package: tikz 2021/05/15 v3.1.9a (3.1.9a)
 (/usr/share/texlive/texmf-dist/tex/generic/pgf/libraries/pgflibraryplothandlers.code.tex
File: pgflibraryplothandlers.code.tex 2021/05/15 v3.1.9a (3.1.9a)
\pgf@plot@mark@count=\count306
\pgfplotmarksize=\dimen287
)
\tikz@lastx=\dimen288
\tikz@lasty=\dimen289
\tikz@lastxsaved=\dimen290
\tikz@lastysaved=\dimen291
\tikz@lastmovetox=\dimen292
\tikz@lastmovetoy=\dimen293
\tikzleveldistance=\dimen294
\tikzsiblingdistance=\dimen295
\tikz@figbox=\box63
\tikz@figbox@bg=\box64
\tikz@tempbox=\box65
\tikz@tempbox@bg=\box66
\tikztreelevel=\count307
\tikznumberofchildren=\count308
\tikznumberofcurrentchild=\count309
\tikz@fig@count=\count310
 (/usr/share/texlive/texmf-dist/tex/generic/pgf/modules/pgfmodulematrix.code.tex
File: pgfmodulematrix.code.tex 2021/05/15 v3.1.9a (3.1.9a)
\pgfmatrixcurrentrow=\count311
\pgfmatrixcurrentcolumn=\count312
\pgf@matrix@numberofcolumns=\count313
)
\tikz@expandcount=\count314
 (/usr/share/texlive/texmf-dist/tex/generic/pgf/frontendlayer/tikz/libraries/tikzlibrarytopaths.code.tex
File: tikzlibrarytopaths.code.tex 2021/05/15 v3.1.9a (3.1.9a)
))) (/usr/share/texlive/texmf-dist/tex/generic/pgf/frontendlayer/tikz/libraries/tikzlibraryarrows.code.tex
File: tikzlibraryarrows.code.tex 2021/05/15 v3.1.9a (3.1.9a)
 (/usr/share/texlive/texmf-dist/tex/generic/pgf/libraries/pgflibraryarrows.code.tex
File: pgflibraryarrows.code.tex 2021/05/15 v3.1.9a (3.1.9a)
\arrowsize=\dimen296
)) (/usr/share/texlive/texmf-dist/tex/generic/pgf/frontendlayer/tikz/libraries/tikzlibrarybackgrounds.code.tex
File: tikzlibrarybackgrounds.code.tex 2021/05/15 v3.1.9a (3.1.9a)
\pgf@layerbox@background=\box67
\pgf@layerboxsaved@background=\box68
) (/usr/share/texlive/texmf-dist/tex/generic/pgf/frontendlayer/tikz/libraries/tikzlibrarycalc.code.tex
File: tikzlibrarycalc.code.tex 2021/05/15 v3.1.9a (3.1.9a)
) (/usr/share/texlive/texmf-dist/tex/generic/pgf/frontendlayer/tikz/libraries/tikzlibrarypatterns.code.tex
File: tikzlibrarypatterns.code.tex 2021/05/15 v3.1.9a (3.1.9a)
 (/usr/share/texlive/texmf-dist/tex/generic/pgf/libraries/pgflibrarypatterns.code.tex
File: pgflibrarypatterns.code.tex 2021/05/15 v3.1.9a (3.1.9a)
)) (/usr/share/texlive/texmf-dist/tex/generic/pgf/frontendlayer/tikz/libraries/tikzlibrarypositioning.code.tex
File: tikzlibrarypositioning.code.tex 2021/05/15 v3.1.9a (3.1.9a)
) (/usr/share/texlive/texmf-dist/tex/generic/pgf/frontendlayer/tikz/libraries/tikzlibraryshapes.geometric.code.tex
File: tikzlibraryshapes.geometric.code.tex 2021/05/15 v3.1.9a (3.1.9a)
 (/usr/share/texlive/texmf-dist/tex/generic/pgf/libraries/shapes/pgflibraryshapes.geometric.code.tex
File: pgflibraryshapes.geometric.code.tex 2021/05/15 v3.1.9a (3.1.9a)
)) (/usr/share/texlive/texmf-dist/tex/latex/pgf/utilities/pgfcalendar.sty (/usr/share/texlive/texmf-dist/tex/generic/pgf/utilities/pgfcalendar.code.tex
File: pgfcalendar.code.tex 2021/05/15 v3.1.9a (3.1.9a)
 (/usr/share/texlive/texmf-dist/tex/generic/pgf/math/pgfint.code.tex)
\pgfcalendarcurrentjulian=\count315
\pgf@cal@easter@Y=\count316
\pgf@cal@easter@G=\count317
\pgf@cal@easter@C=\count318
\pgf@cal@easter@X=\count319
\pgf@cal@easter@Z=\count320
\pgf@cal@easter@D=\count321
\pgf@cal@easter@E=\count322
\pgf@cal@easter@N=\count323
\pgf@cal@easter@M=\count324
\pgf@cal@easter@julianday=\count325
))
\gtt@currentline=\count326
\gtt@lasttitleline=\count327
\gtt@currgrid=\count328
\gtt@chartwidth=\count329
\gtt@lasttitleslot=\count330
\gtt@elementid=\count331
\gtt@today@slot=\count332
\gtt@startjulian=\count333
\gtt@endjulian=\count334
\gtt@chartid=\count335
\gtt@vrule@slot=\count336
\gtt@calendar@slots=\count337
\gtt@calendar@weeknumber=\count338
\gtt@calendar@startofweek=\count339
\gtt@left@slot=\count340
\gtt@right@slot=\count341
) (/usr/share/texlive/texmf-dist/tex/latex/pdfpages/pdfpages.sty
Package: pdfpages 2022/01/29 v0.5u Insert pages of external PDF documents (AM)
 (/usr/share/texlive/texmf-dist/tex/latex/base/ifthen.sty
Package: ifthen 2020/11/24 v1.1c Standard LaTeX ifthen package (DPC)
) (/usr/share/texlive/texmf-dist/tex/latex/tools/calc.sty
Package: calc 2017/05/25 v4.3 Infix arithmetic (KKT,FJ)
\calc@Acount=\count342
\calc@Bcount=\count343
\calc@Adimen=\dimen297
\calc@Bdimen=\dimen298
\calc@Askip=\skip67
\calc@Bskip=\skip68
LaTeX Info: Redefining \setlength on input line 80.
LaTeX Info: Redefining \addtolength on input line 81.
\calc@Ccount=\count344
\calc@Cskip=\skip69
) (/usr/share/texlive/texmf-dist/tex/latex/eso-pic/eso-pic.sty
Package: eso-pic 2020/10/14 v3.0a eso-pic (RN)
\ESO@tempdima=\dimen299
\ESO@tempdimb=\dimen300
)
\AM@pagewidth=\dimen301
\AM@pageheight=\dimen302
\AM@fboxrule=\dimen303
 (/usr/share/texlive/texmf-dist/tex/latex/pdfpages/pppdftex.def
File: pppdftex.def 2022/01/29 v0.5u Pdfpages driver for pdfTeX (AM)
)
\pdfpages@includegraphics@status=\count345
\AM@pagebox=\box69
\AM@global@opts=\toks42
\AM@pagecnt=\count346
\AM@toc@title=\toks43
\c@AM@survey=\count347
\AM@templatesizebox=\box70
) (/usr/share/texlive/texmf-dist/tex/latex/l3backend/l3backend-pdftex.def
File: l3backend-pdftex.def 2022-01-12 L3 backend support: PDF output (pdfTeX)
\l__color_backend_stack_int=\count348
\l__pdf_internal_box=\box71
) (./main.aux)
\openout1 = `main.aux'.

LaTeX Font Info:    Checking defaults for OML/cmm/m/it on input line 26.
LaTeX Font Info:    ... okay on input line 26.
LaTeX Font Info:    Checking defaults for OMS/cmsy/m/n on input line 26.
LaTeX Font Info:    ... okay on input line 26.
LaTeX Font Info:    Checking defaults for OT1/cmr/m/n on input line 26.
LaTeX Font Info:    ... okay on input line 26.
LaTeX Font Info:    Checking defaults for T1/cmr/m/n on input line 26.
LaTeX Font Info:    ... okay on input line 26.
LaTeX Font Info:    Checking defaults for TS1/cmr/m/n on input line 26.
LaTeX Font Info:    ... okay on input line 26.
LaTeX Font Info:    Checking defaults for OMX/cmex/m/n on input line 26.
LaTeX Font Info:    ... okay on input line 26.
LaTeX Font Info:    Checking defaults for U/cmr/m/n on input line 26.
LaTeX Font Info:    ... okay on input line 26.
LaTeX Font Info:    Checking defaults for PD1/pdf/m/n on input line 26.
LaTeX Font Info:    ... okay on input line 26.
LaTeX Font Info:    Checking defaults for PU/pdf/m/n on input line 26.
LaTeX Font Info:    ... okay on input line 26.
 (/usr/share/texlive/texmf-dist/tex/context/base/mkii/supp-pdf.mkii
[Loading MPS to PDF converter (version 2006.09.02).]
\scratchcounter=\count349
\scratchdimen=\dimen304
\scratchbox=\box72
\nofMPsegments=\count350
\nofMParguments=\count351
\everyMPshowfont=\toks44
\MPscratchCnt=\count352
\MPscratchDim=\dimen305
\MPnumerator=\count353
\makeMPintoPDFobject=\count354
\everyMPtoPDFconversion=\toks45
) (/usr/share/texlive/texmf-dist/tex/latex/epstopdf-pkg/epstopdf-base.sty
Package: epstopdf-base 2020-01-24 v2.11 Base part for package epstopdf
Package epstopdf-base Info: Redefining graphics rule for `.eps' on input line 485.
 (/usr/share/texlive/texmf-dist/tex/latex/latexconfig/epstopdf-sys.cfg
File: epstopdf-sys.cfg 2010/07/13 v1.3 Configuration of (r)epstopdf for TeX Live
))
*geometry* driver: auto-detecting
*geometry* detected driver: pdftex
*geometry* verbose mode - [ preamble ] result:
* driver: pdftex
* paper: <default>
* layout: <same size as paper>
* layoutoffset:(h,v)=(0.0pt,0.0pt)
* modes: 
* h-part:(L,W,R)=(72.26999pt, 469.75502pt, 72.26999pt)
* v-part:(T,H,B)=(72.26999pt, 650.43001pt, 72.26999pt)
* \paperwidth=614.295pt
* \paperheight=794.96999pt
* \textwidth=469.75502pt
* \textheight=650.43001pt
* \oddsidemargin=0.0pt
* \evensidemargin=0.0pt
* \topmargin=-37.0pt
* \headheight=12.0pt
* \headsep=25.0pt
* \topskip=11.0pt
* \footskip=30.0pt
* \marginparwidth=59.0pt
* \marginparsep=10.0pt
* \columnsep=10.0pt
* \skip\footins=10.0pt plus 4.0pt minus 2.0pt
* \hoffset=0.0pt
* \voffset=0.0pt
* \mag=1000
* \@twocolumnfalse
* \@twosidefalse
* \@mparswitchfalse
* \@reversemarginfalse
* (1in=72.27pt=25.4mm, 1cm=28.453pt)

Package caption Info: Begin \AtBeginDocument code.
Package caption Info: hyperref package is loaded.
Package caption Info: hypcap package is loaded.
Package caption Info: End \AtBeginDocument code.
Package hyperref Info: Link coloring OFF on input line 26.
(/usr/share/texlive/texmf-dist/tex/latex/hyperref/nameref.sty
Package: nameref 2021-04-02 v2.47 Cross-referencing by name of section
 (/usr/share/texlive/texmf-dist/tex/latex/refcount/refcount.sty
Package: refcount 2019/12/15 v3.6 Data extraction from label references (HO)
) (/usr/share/texlive/texmf-dist/tex/generic/gettitlestring/gettitlestring.sty
Package: gettitlestring 2019/12/15 v1.6 Cleanup title references (HO)
)
\c@section@level=\count355
)
LaTeX Info: Redefining \ref on input line 26.
LaTeX Info: Redefining \pageref on input line 26.
LaTeX Info: Redefining \nameref on input line 26.
 (./main.out) (./main.out)
\@outlinefile=\write4
\openout4 = `main.out'.

LaTeX Info: Redefining \celsius on input line 26.
Package gensymb Info: Faking symbols for \degree and \celsius on input line 26.


Package gensymb Warning: Not defining \perthousand.

LaTeX Info: Redefining \ohm on input line 26.
Package gensymb Info: Using \Omega for \ohm on input line 26.

Package gensymb Warning: Not defining \micro.

(/usr/share/texlive/texmf-dist/tex/latex/pdflscape/pdflscape.sty
Package: pdflscape 2019/12/05 v0.12 Display of landscape pages in PDF (HO)
 (/usr/share/texlive/texmf-dist/tex/latex/graphics/lscape.sty
Package: lscape 2020/05/28 v3.02 Landscape Pages (DPC)
)
Package pdflscape Info: Auto-detected driver: pdftex on input line 81.
)

Package geometry Warning: `lmargin' and `rmargin' result in NEGATIVE (-180.67499pt).
    `width' should be shortened in length.

*geometry* verbose mode - [ newgeometry ] result:
* driver: pdftex
* paper: <default>
* layout: <same size as paper>
* layoutoffset:(h,v)=(0.0pt,0.0pt)
* modes: 
* h-part:(L,W,R)=(-90.3375pt, 794.96999pt, -90.3375pt)
* v-part:(T,H,B)=(144.54pt, 555.03262pt, 95.39737pt)
* \paperwidth=614.295pt
* \paperheight=794.96999pt
* \textwidth=794.96999pt
* \textheight=555.03262pt
* \oddsidemargin=-162.60748pt
* \evensidemargin=-162.60748pt
* \topmargin=35.27pt
* \headheight=12.0pt
* \headsep=25.0pt
* \topskip=11.0pt
* \footskip=30.0pt
* \marginparwidth=59.0pt
* \marginparsep=10.0pt
* \columnsep=10.0pt
* \skip\footins=10.0pt plus 4.0pt minus 2.0pt
* \hoffset=0.0pt
* \voffset=0.0pt
* \mag=1000
* \@twocolumnfalse
* \@twosidefalse
* \@mparswitchfalse
* \@reversemarginfalse
* (1in=72.27pt=25.4mm, 1cm=28.453pt)

<figures/uwlogo.PNG, id=146, 200.24812pt x 157.33781pt>
File: figures/uwlogo.PNG Graphic file (type png)
<use figures/uwlogo.PNG>
Package pdftex.def Info: figures/uwlogo.PNG  used on input line 34.
(pdftex.def)             Requested size: 200.24763pt x 157.33742pt.
[1


{/var/lib/texmf/fonts/map/pdftex/updmap/pdftex.map} <./figures/uwlogo.PNG>] (./main.toc
LaTeX Font Info:    Trying to load font information for U+msa on input line 4.
 (/usr/share/texlive/texmf-dist/tex/latex/amsfonts/umsa.fd
File: umsa.fd 2013/01/14 v3.01 AMS symbols A
)
LaTeX Font Info:    Trying to load font information for U+msb on input line 4.
 (/usr/share/texlive/texmf-dist/tex/latex/amsfonts/umsb.fd
File: umsb.fd 2013/01/14 v3.01 AMS symbols B
) [1

])
\tf@toc=\write5
\openout5 = `main.toc'.

 [2] [3] [4] [5] [6] [7]
<figures/stator.png, id=241, 295.1025pt x 286.82156pt>
File: figures/stator.png Graphic file (type png)
<use figures/stator.png>
Package pdftex.def Info: figures/stator.png  used on input line 189.
(pdftex.def)             Requested size: 234.8775pt x 228.289pt.
 [8 <./figures/stator.png>]
<figures/emf.jpg, id=250, 4095.3pt x 3083.52pt>
File: figures/emf.jpg Graphic file (type jpg)
<use figures/emf.jpg>
Package pdftex.def Info: figures/emf.jpg  used on input line 219.
(pdftex.def)             Requested size: 234.8775pt x 176.8164pt.
 [9 <./figures/emf.jpg>]
<cogging torque.png, id=258, 1337.99875pt x 737.75626pt>
File: cogging torque.png Graphic file (type png)
<use cogging torque.png>
Package pdftex.def Info: cogging torque.png  used on input line 247.
(pdftex.def)             Requested size: 234.8775pt x 129.50328pt.
<figures/electricalSystemOverview.png, id=261, 2010.51125pt x 1078.0275pt>
File: figures/electricalSystemOverview.png Graphic file (type png)
<use figures/electricalSystemOverview.png>
Package pdftex.def Info: figures/electricalSystemOverview.png  used on input line 277.
(pdftex.def)             Requested size: 469.75502pt x 251.8725pt.
 [10 <./cogging torque.png>] [11 <./figures/electricalSystemOverview.png>]
<figures/primaryBoard3D.png, id=278, 1205.50375pt x 417.56pt>
File: figures/primaryBoard3D.png Graphic file (type png)
<use figures/primaryBoard3D.png>
Package pdftex.def Info: figures/primaryBoard3D.png  used on input line 291.
(pdftex.def)             Requested size: 469.75502pt x 162.70757pt.
<figures/encoderBoard3D.png, id=279, 796.9775pt x 583.17876pt>
File: figures/encoderBoard3D.png Graphic file (type png)
<use figures/encoderBoard3D.png>
Package pdftex.def Info: figures/encoderBoard3D.png  used on input line 298.
(pdftex.def)             Requested size: 375.80544pt x 274.99281pt.
 [12 <./figures/primaryBoard3D.png>]
<figures/imuBoard3D.png, id=288, 842.14626pt x 633.36626pt>
File: figures/imuBoard3D.png Graphic file (type png)
<use figures/imuBoard3D.png>
Package pdftex.def Info: figures/imuBoard3D.png  used on input line 305.
(pdftex.def)             Requested size: 375.80544pt x 282.63475pt.
 [13 <./figures/encoderBoard3D.png> <./figures/imuBoard3D.png>] [14] [15]
Overfull \hbox (18.34045pt too wide) in paragraph at lines 362--363
 []\OT1/cmr/bx/n/10.95 Impedance Con-trol Outer Loop[] \OT1/cmr/m/n/10.95 The 200Hz Con-trolTask im-ple-ments a two-step vir-tual impedance
 []

[16] [17] [18] [19]
Overfull \hbox (16.53203pt too wide) in paragraph at lines 465--469
 []\OT1/cmr/bx/n/10.95 Phase-Adaptive Impedance Con-trol.[] \OT1/cmr/m/n/10.95 The orig-i-nal de-sign pro-posed a sin-gle fixed set of impedance
 []

[20]
<figures/batteryPackAssembly.png, id=349, 365.11406pt x 505.13719pt>
File: figures/batteryPackAssembly.png Graphic file (type png)
<use figures/batteryPackAssembly.png>
Package pdftex.def Info: figures/batteryPackAssembly.png  used on input line 504.
(pdftex.def)             Requested size: 234.8775pt x 324.95157pt.
 [21] [22 <./figures/batteryPackAssembly.png>] [23] [24] [25]
<figures/thermal flow.png, id=381, 1284.8pt x 903.375pt>
File: figures/thermal flow.png Graphic file (type png)
<use figures/thermal flow.png>
Package pdftex.def Info: figures/thermal flow.png  used on input line 595.
(pdftex.def)             Requested size: 234.8775pt x 165.13681pt.
<figures/temp plot.png, id=382, 498.663pt x 353.1594pt>
File: figures/temp plot.png Graphic file (type png)
<use figures/temp plot.png>
Package pdftex.def Info: figures/temp plot.png  used on input line 601.
(pdftex.def)             Requested size: 234.8775pt x 166.34058pt.
 [26 <./figures/thermal flow.png>]
Overfull \hbox (36.22937pt too wide) in paragraph at lines 618--627
 [][] 
 []

<figures/qdd blown up.png, id=394, 867.24pt x 1228.59pt>
File: figures/qdd blown up.png Graphic file (type png)
<use figures/qdd blown up.png>
Package pdftex.def Info: figures/qdd blown up.png  used on input line 652.
(pdftex.def)             Requested size: 234.8775pt x 332.73605pt.
[27 <./figures/temp plot.png>]
<figures/motor.png, id=404, 520.19344pt x 526.96875pt>
File: figures/motor.png Graphic file (type png)
<use figures/motor.png>
Package pdftex.def Info: figures/motor.png  used on input line 658.
(pdftex.def)             Requested size: 234.8775pt x 237.93782pt.
 [28 <./figures/qdd blown up.png>] [29 <./figures/motor.png>] [30]
<figures/final.jpg, id=429, 3083.52pt x 4095.3pt>
File: figures/final.jpg Graphic file (type jpg)
<use figures/final.jpg>
Package pdftex.def Info: figures/final.jpg  used on input line 769.
(pdftex.def)             Requested size: 234.8775pt x 311.94592pt.
 [31] [32 <./figures/final.jpg>] [33] [34] [35] (./main.bbl

LaTeX Warning: Empty `thebibliography' environment on input line 24.

) [36

] [37

] [38] [39]
<figures/blown up.png, id=477, 4974.585pt x 3517.14pt>
File: figures/blown up.png Graphic file (type png)
<use figures/blown up.png>
Package pdftex.def Info: figures/blown up.png  used on input line 942.
(pdftex.def)             Requested size: 234.8775pt x 166.0462pt.


pdfTeX warning: pdflatex (file ./drawings/XL2602030163-1(B).pdf): PDF inclusion: found PDF version <1.7>, but at most version <1.5> allowed
<drawings/XL2602030163-1(B).pdf, id=478, 845.1575pt x 597.23125pt>
File: drawings/XL2602030163-1(B).pdf Graphic file (type pdf)
<use drawings/XL2602030163-1(B).pdf>
Package pdftex.def Info: drawings/XL2602030163-1(B).pdf  used on input line 947.
(pdftex.def)             Requested size: 845.15544pt x 597.22978pt.


pdfTeX warning: pdflatex (file ./drawings/XL2602030163-1(B).pdf): PDF inclusion: found PDF version <1.7>, but at most version <1.5> allowed
File: drawings/XL2602030163-1(B).pdf Graphic file (type pdf)
<use drawings/XL2602030163-1(B).pdf>
Package pdftex.def Info: drawings/XL2602030163-1(B).pdf  used on input line 947.
(pdftex.def)             Requested size: 845.15544pt x 597.22978pt.


pdfTeX warning: pdflatex (file ./drawings/XL2602030163-1(B).pdf): PDF inclusion: found PDF version <1.7>, but at most version <1.5> allowed


pdfTeX warning: pdflatex (file ./drawings/XL2602030163-1(B).pdf): PDF inclusion: found PDF version <1.7>, but at most version <1.5> allowed
<drawings/XL2602030163-1(B).pdf, id=481, page=1, 845.1575pt x 597.23125pt>
File: drawings/XL2602030163-1(B).pdf Graphic file (type pdf)
<use drawings/XL2602030163-1(B).pdf, page 1>
Package pdftex.def Info: drawings/XL2602030163-1(B).pdf , page1 used on input line 947.
(pdftex.def)             Requested size: 845.15544pt x 597.22978pt.
File: drawings/XL2602030163-1(B).pdf Graphic file (type pdf)
<use drawings/XL2602030163-1(B).pdf, page 1>
Package pdftex.def Info: drawings/XL2602030163-1(B).pdf , page1 used on input line 947.
(pdftex.def)             Requested size: 760.63474pt x 537.50316pt.
[40 <./figures/blown up.png>]
File: drawings/XL2602030163-1(B).pdf Graphic file (type pdf)
<use drawings/XL2602030163-1(B).pdf, page 1>
Package pdftex.def Info: drawings/XL2602030163-1(B).pdf , page1 used on input line 947.
(pdftex.def)             Requested size: 760.63474pt x 537.50316pt.
File: drawings/XL2602030163-1(B).pdf Graphic file (type pdf)
<use drawings/XL2602030163-1(B).pdf, page 1>
Package pdftex.def Info: drawings/XL2602030163-1(B).pdf , page1 used on input line 947.
(pdftex.def)             Requested size: 760.63474pt x 537.50316pt.
File: drawings/XL2602030163-1(B).pdf Graphic file (type pdf)
<use drawings/XL2602030163-1(B).pdf, page 1>
Package pdftex.def Info: drawings/XL2602030163-1(B).pdf , page1 used on input line 947.
(pdftex.def)             Requested size: 760.63474pt x 537.50316pt.
 [41 <./drawings/XL2602030163-1(B).pdf, page is rotated 270 degrees>]

pdfTeX warning: pdflatex (file ./drawings/XL2602030163-2(B).pdf): PDF inclusion: found PDF version <1.7>, but at most version <1.5> allowed
<drawings/XL2602030163-2(B).pdf, id=511, 845.1575pt x 597.23125pt>
File: drawings/XL2602030163-2(B).pdf Graphic file (type pdf)
<use drawings/XL2602030163-2(B).pdf>
Package pdftex.def Info: drawings/XL2602030163-2(B).pdf  used on input line 948.
(pdftex.def)             Requested size: 845.15544pt x 597.22978pt.


pdfTeX warning: pdflatex (file ./drawings/XL2602030163-2(B).pdf): PDF inclusion: found PDF version <1.7>, but at most version <1.5> allowed
File: drawings/XL2602030163-2(B).pdf Graphic file (type pdf)
<use drawings/XL2602030163-2(B).pdf>
Package pdftex.def Info: drawings/XL2602030163-2(B).pdf  used on input line 948.
(pdftex.def)             Requested size: 845.15544pt x 597.22978pt.


pdfTeX warning: pdflatex (file ./drawings/XL2602030163-2(B).pdf): PDF inclusion: found PDF version <1.7>, but at most version <1.5> allowed


pdfTeX warning: pdflatex (file ./drawings/XL2602030163-2(B).pdf): PDF inclusion: found PDF version <1.7>, but at most version <1.5> allowed
<drawings/XL2602030163-2(B).pdf, id=514, page=1, 845.1575pt x 597.23125pt>
File: drawings/XL2602030163-2(B).pdf Graphic file (type pdf)
<use drawings/XL2602030163-2(B).pdf, page 1>
Package pdftex.def Info: drawings/XL2602030163-2(B).pdf , page1 used on input line 948.
(pdftex.def)             Requested size: 845.15544pt x 597.22978pt.
File: drawings/XL2602030163-2(B).pdf Graphic file (type pdf)
<use drawings/XL2602030163-2(B).pdf, page 1>
Package pdftex.def Info: drawings/XL2602030163-2(B).pdf , page1 used on input line 948.
(pdftex.def)             Requested size: 760.63474pt x 537.50316pt.
File: drawings/XL2602030163-2(B).pdf Graphic file (type pdf)
<use drawings/XL2602030163-2(B).pdf, page 1>
Package pdftex.def Info: drawings/XL2602030163-2(B).pdf , page1 used on input line 948.
(pdftex.def)             Requested size: 760.63474pt x 537.50316pt.
File: drawings/XL2602030163-2(B).pdf Graphic file (type pdf)
<use drawings/XL2602030163-2(B).pdf, page 1>
Package pdftex.def Info: drawings/XL2602030163-2(B).pdf , page1 used on input line 948.
(pdftex.def)             Requested size: 760.63474pt x 537.50316pt.
File: drawings/XL2602030163-2(B).pdf Graphic file (type pdf)
<use drawings/XL2602030163-2(B).pdf, page 1>
Package pdftex.def Info: drawings/XL2602030163-2(B).pdf , page1 used on input line 948.
(pdftex.def)             Requested size: 760.63474pt x 537.50316pt.
[42 <./drawings/XL2602030163-2(B).pdf, page is rotated 270 degrees>]

pdfTeX warning: pdflatex (file ./drawings/XL2602030163-3(B).pdf): PDF inclusion: found PDF version <1.7>, but at most version <1.5> allowed
<drawings/XL2602030163-3(B).pdf, id=537, 845.1575pt x 597.23125pt>
File: drawings/XL2602030163-3(B).pdf Graphic file (type pdf)
<use drawings/XL2602030163-3(B).pdf>
Package pdftex.def Info: drawings/XL2602030163-3(B).pdf  used on input line 949.
(pdftex.def)             Requested size: 845.15544pt x 597.22978pt.


pdfTeX warning: pdflatex (file ./drawings/XL2602030163-3(B).pdf): PDF inclusion: found PDF version <1.7>, but at most version <1.5> allowed
File: drawings/XL2602030163-3(B).pdf Graphic file (type pdf)
<use drawings/XL2602030163-3(B).pdf>
Package pdftex.def Info: drawings/XL2602030163-3(B).pdf  used on input line 949.
(pdftex.def)             Requested size: 845.15544pt x 597.22978pt.


pdfTeX warning: pdflatex (file ./drawings/XL2602030163-3(B).pdf): PDF inclusion: found PDF version <1.7>, but at most version <1.5> allowed


pdfTeX warning: pdflatex (file ./drawings/XL2602030163-3(B).pdf): PDF inclusion: found PDF version <1.7>, but at most version <1.5> allowed
<drawings/XL2602030163-3(B).pdf, id=540, page=1, 845.1575pt x 597.23125pt>
File: drawings/XL2602030163-3(B).pdf Graphic file (type pdf)
<use drawings/XL2602030163-3(B).pdf, page 1>
Package pdftex.def Info: drawings/XL2602030163-3(B).pdf , page1 used on input line 949.
(pdftex.def)             Requested size: 845.15544pt x 597.22978pt.
File: drawings/XL2602030163-3(B).pdf Graphic file (type pdf)
<use drawings/XL2602030163-3(B).pdf, page 1>
Package pdftex.def Info: drawings/XL2602030163-3(B).pdf , page1 used on input line 949.
(pdftex.def)             Requested size: 760.63474pt x 537.50316pt.
File: drawings/XL2602030163-3(B).pdf Graphic file (type pdf)
<use drawings/XL2602030163-3(B).pdf, page 1>
Package pdftex.def Info: drawings/XL2602030163-3(B).pdf , page1 used on input line 949.
(pdftex.def)             Requested size: 760.63474pt x 537.50316pt.
File: drawings/XL2602030163-3(B).pdf Graphic file (type pdf)
<use drawings/XL2602030163-3(B).pdf, page 1>
Package pdftex.def Info: drawings/XL2602030163-3(B).pdf , page1 used on input line 949.
(pdftex.def)             Requested size: 760.63474pt x 537.50316pt.
File: drawings/XL2602030163-3(B).pdf Graphic file (type pdf)
<use drawings/XL2602030163-3(B).pdf, page 1>
Package pdftex.def Info: drawings/XL2602030163-3(B).pdf , page1 used on input line 949.
(pdftex.def)             Requested size: 760.63474pt x 537.50316pt.
[43 <./drawings/XL2602030163-3(B).pdf, page is rotated 270 degrees>]

pdfTeX warning: pdflatex (file ./drawings/XL2602030163-4(B).pdf): PDF inclusion: found PDF version <1.7>, but at most version <1.5> allowed
<drawings/XL2602030163-4(B).pdf, id=562, 845.1575pt x 597.23125pt>
File: drawings/XL2602030163-4(B).pdf Graphic file (type pdf)
<use drawings/XL2602030163-4(B).pdf>
Package pdftex.def Info: drawings/XL2602030163-4(B).pdf  used on input line 950.
(pdftex.def)             Requested size: 845.15544pt x 597.22978pt.


pdfTeX warning: pdflatex (file ./drawings/XL2602030163-4(B).pdf): PDF inclusion: found PDF version <1.7>, but at most version <1.5> allowed
File: drawings/XL2602030163-4(B).pdf Graphic file (type pdf)
<use drawings/XL2602030163-4(B).pdf>
Package pdftex.def Info: drawings/XL2602030163-4(B).pdf  used on input line 950.
(pdftex.def)             Requested size: 845.15544pt x 597.22978pt.


pdfTeX warning: pdflatex (file ./drawings/XL2602030163-4(B).pdf): PDF inclusion: found PDF version <1.7>, but at most version <1.5> allowed


pdfTeX warning: pdflatex (file ./drawings/XL2602030163-4(B).pdf): PDF inclusion: found PDF version <1.7>, but at most version <1.5> allowed
<drawings/XL2602030163-4(B).pdf, id=565, page=1, 845.1575pt x 597.23125pt>
File: drawings/XL2602030163-4(B).pdf Graphic file (type pdf)
<use drawings/XL2602030163-4(B).pdf, page 1>
Package pdftex.def Info: drawings/XL2602030163-4(B).pdf , page1 used on input line 950.
(pdftex.def)             Requested size: 845.15544pt x 597.22978pt.
File: drawings/XL2602030163-4(B).pdf Graphic file (type pdf)
<use drawings/XL2602030163-4(B).pdf, page 1>
Package pdftex.def Info: drawings/XL2602030163-4(B).pdf , page1 used on input line 950.
(pdftex.def)             Requested size: 760.63474pt x 537.50316pt.
File: drawings/XL2602030163-4(B).pdf Graphic file (type pdf)
<use drawings/XL2602030163-4(B).pdf, page 1>
Package pdftex.def Info: drawings/XL2602030163-4(B).pdf , page1 used on input line 950.
(pdftex.def)             Requested size: 760.63474pt x 537.50316pt.
File: drawings/XL2602030163-4(B).pdf Graphic file (type pdf)
<use drawings/XL2602030163-4(B).pdf, page 1>
Package pdftex.def Info: drawings/XL2602030163-4(B).pdf , page1 used on input line 950.
(pdftex.def)             Requested size: 760.63474pt x 537.50316pt.
File: drawings/XL2602030163-4(B).pdf Graphic file (type pdf)
<use drawings/XL2602030163-4(B).pdf, page 1>
Package pdftex.def Info: drawings/XL2602030163-4(B).pdf , page1 used on input line 950.
(pdftex.def)             Requested size: 760.63474pt x 537.50316pt.
[44 <./drawings/XL2602030163-4(B).pdf, page is rotated 270 degrees>]

pdfTeX warning: pdflatex (file ./drawings/XL2602030163-5.pdf): PDF inclusion: found PDF version <1.7>, but at most version <1.5> allowed
<drawings/XL2602030163-5.pdf, id=588, 845.1575pt x 597.23125pt>
File: drawings/XL2602030163-5.pdf Graphic file (type pdf)
<use drawings/XL2602030163-5.pdf>
Package pdftex.def Info: drawings/XL2602030163-5.pdf  used on input line 951.
(pdftex.def)             Requested size: 845.15544pt x 597.22978pt.


pdfTeX warning: pdflatex (file ./drawings/XL2602030163-5.pdf): PDF inclusion: found PDF version <1.7>, but at most version <1.5> allowed
File: drawings/XL2602030163-5.pdf Graphic file (type pdf)
<use drawings/XL2602030163-5.pdf>
Package pdftex.def Info: drawings/XL2602030163-5.pdf  used on input line 951.
(pdftex.def)             Requested size: 845.15544pt x 597.22978pt.


pdfTeX warning: pdflatex (file ./drawings/XL2602030163-5.pdf): PDF inclusion: found PDF version <1.7>, but at most version <1.5> allowed


pdfTeX warning: pdflatex (file ./drawings/XL2602030163-5.pdf): PDF inclusion: found PDF version <1.7>, but at most version <1.5> allowed
<drawings/XL2602030163-5.pdf, id=591, page=1, 845.1575pt x 597.23125pt>
File: drawings/XL2602030163-5.pdf Graphic file (type pdf)
<use drawings/XL2602030163-5.pdf, page 1>
Package pdftex.def Info: drawings/XL2602030163-5.pdf , page1 used on input line 951.
(pdftex.def)             Requested size: 845.15544pt x 597.22978pt.
File: drawings/XL2602030163-5.pdf Graphic file (type pdf)
<use drawings/XL2602030163-5.pdf, page 1>
Package pdftex.def Info: drawings/XL2602030163-5.pdf , page1 used on input line 951.
(pdftex.def)             Requested size: 760.63474pt x 537.50316pt.
File: drawings/XL2602030163-5.pdf Graphic file (type pdf)
<use drawings/XL2602030163-5.pdf, page 1>
Package pdftex.def Info: drawings/XL2602030163-5.pdf , page1 used on input line 951.
(pdftex.def)             Requested size: 760.63474pt x 537.50316pt.
File: drawings/XL2602030163-5.pdf Graphic file (type pdf)
<use drawings/XL2602030163-5.pdf, page 1>
Package pdftex.def Info: drawings/XL2602030163-5.pdf , page1 used on input line 951.
(pdftex.def)             Requested size: 760.63474pt x 537.50316pt.
File: drawings/XL2602030163-5.pdf Graphic file (type pdf)
<use drawings/XL2602030163-5.pdf, page 1>
Package pdftex.def Info: drawings/XL2602030163-5.pdf , page1 used on input line 951.
(pdftex.def)             Requested size: 760.63474pt x 537.50316pt.
[45 <./drawings/XL2602030163-5.pdf, page is rotated 270 degrees>]

pdfTeX warning: pdflatex (file ./documents/BOM_PRIMARY_BOARD.pdf): PDF inclusion: found PDF version <1.7>, but at most version <1.5> allowed
<documents/BOM_PRIMARY_BOARD.pdf, id=613, 614.295pt x 794.97pt>
File: documents/BOM_PRIMARY_BOARD.pdf Graphic file (type pdf)
<use documents/BOM_PRIMARY_BOARD.pdf>
Package pdftex.def Info: documents/BOM_PRIMARY_BOARD.pdf  used on input line 955.
(pdftex.def)             Requested size: 614.29349pt x 794.96806pt.


pdfTeX warning: pdflatex (file ./documents/BOM_PRIMARY_BOARD.pdf): PDF inclusion: found PDF version <1.7>, but at most version <1.5> allowed
File: documents/BOM_PRIMARY_BOARD.pdf Graphic file (type pdf)
<use documents/BOM_PRIMARY_BOARD.pdf>
Package pdftex.def Info: documents/BOM_PRIMARY_BOARD.pdf  used on input line 955.
(pdftex.def)             Requested size: 614.29349pt x 794.96806pt.


pdfTeX warning: pdflatex (file ./documents/BOM_PRIMARY_BOARD.pdf): PDF inclusion: found PDF version <1.7>, but at most version <1.5> allowed


pdfTeX warning: pdflatex (file ./documents/BOM_PRIMARY_BOARD.pdf): PDF inclusion: found PDF version <1.7>, but at most version <1.5> allowed
<documents/BOM_PRIMARY_BOARD.pdf, id=616, page=1, 614.295pt x 794.97pt>
File: documents/BOM_PRIMARY_BOARD.pdf Graphic file (type pdf)
<use documents/BOM_PRIMARY_BOARD.pdf, page 1>
Package pdftex.def Info: documents/BOM_PRIMARY_BOARD.pdf , page1 used on input line 955.
(pdftex.def)             Requested size: 614.29349pt x 794.96806pt.
File: documents/BOM_PRIMARY_BOARD.pdf Graphic file (type pdf)
<use documents/BOM_PRIMARY_BOARD.pdf, page 1>
Package pdftex.def Info: documents/BOM_PRIMARY_BOARD.pdf , page1 used on input line 955.
(pdftex.def)             Requested size: 552.86038pt x 715.4664pt.
[46]
File: documents/BOM_PRIMARY_BOARD.pdf Graphic file (type pdf)
<use documents/BOM_PRIMARY_BOARD.pdf, page 1>
Package pdftex.def Info: documents/BOM_PRIMARY_BOARD.pdf , page1 used on input line 955.
(pdftex.def)             Requested size: 552.86038pt x 715.4664pt.
File: documents/BOM_PRIMARY_BOARD.pdf Graphic file (type pdf)
<use documents/BOM_PRIMARY_BOARD.pdf, page 1>
Package pdftex.def Info: documents/BOM_PRIMARY_BOARD.pdf , page1 used on input line 955.
(pdftex.def)             Requested size: 552.86038pt x 715.4664pt.
File: documents/BOM_PRIMARY_BOARD.pdf Graphic file (type pdf)
<use documents/BOM_PRIMARY_BOARD.pdf, page 1>
Package pdftex.def Info: documents/BOM_PRIMARY_BOARD.pdf , page1 used on input line 955.
(pdftex.def)             Requested size: 552.86038pt x 715.4664pt.
 [47 <./documents/BOM_PRIMARY_BOARD.pdf>]

pdfTeX warning: pdflatex (file ./documents/BOM_PRIMARY_BOARD.pdf): PDF inclusion: found PDF version <1.7>, but at most version <1.5> allowed
<documents/BOM_PRIMARY_BOARD.pdf, id=634, page=2, 614.295pt x 794.97pt>
File: documents/BOM_PRIMARY_BOARD.pdf Graphic file (type pdf)
<use documents/BOM_PRIMARY_BOARD.pdf, page 2>
Package pdftex.def Info: documents/BOM_PRIMARY_BOARD.pdf , page2 used on input line 955.
(pdftex.def)             Requested size: 552.86038pt x 715.4664pt.
File: documents/BOM_PRIMARY_BOARD.pdf Graphic file (type pdf)
<use documents/BOM_PRIMARY_BOARD.pdf, page 2>
Package pdftex.def Info: documents/BOM_PRIMARY_BOARD.pdf , page2 used on input line 955.
(pdftex.def)             Requested size: 552.86038pt x 715.4664pt.
File: documents/BOM_PRIMARY_BOARD.pdf Graphic file (type pdf)
<use documents/BOM_PRIMARY_BOARD.pdf, page 2>
Package pdftex.def Info: documents/BOM_PRIMARY_BOARD.pdf , page2 used on input line 955.
(pdftex.def)             Requested size: 552.86038pt x 715.4664pt.
[48 <./documents/BOM_PRIMARY_BOARD.pdf>]

pdfTeX warning: pdflatex (file ./documents/BOM_ENCODER_BOARD.pdf): PDF inclusion: found PDF version <1.7>, but at most version <1.5> allowed
<documents/BOM_ENCODER_BOARD.pdf, id=640, 614.295pt x 794.97pt>
File: documents/BOM_ENCODER_BOARD.pdf Graphic file (type pdf)
<use documents/BOM_ENCODER_BOARD.pdf>
Package pdftex.def Info: documents/BOM_ENCODER_BOARD.pdf  used on input line 956.
(pdftex.def)             Requested size: 614.29349pt x 794.96806pt.


pdfTeX warning: pdflatex (file ./documents/BOM_ENCODER_BOARD.pdf): PDF inclusion: found PDF version <1.7>, but at most version <1.5> allowed
File: documents/BOM_ENCODER_BOARD.pdf Graphic file (type pdf)
<use documents/BOM_ENCODER_BOARD.pdf>
Package pdftex.def Info: documents/BOM_ENCODER_BOARD.pdf  used on input line 956.
(pdftex.def)             Requested size: 614.29349pt x 794.96806pt.


pdfTeX warning: pdflatex (file ./documents/BOM_ENCODER_BOARD.pdf): PDF inclusion: found PDF version <1.7>, but at most version <1.5> allowed


pdfTeX warning: pdflatex (file ./documents/BOM_ENCODER_BOARD.pdf): PDF inclusion: found PDF version <1.7>, but at most version <1.5> allowed
<documents/BOM_ENCODER_BOARD.pdf, id=643, page=1, 614.295pt x 794.97pt>
File: documents/BOM_ENCODER_BOARD.pdf Graphic file (type pdf)
<use documents/BOM_ENCODER_BOARD.pdf, page 1>
Package pdftex.def Info: documents/BOM_ENCODER_BOARD.pdf , page1 used on input line 956.
(pdftex.def)             Requested size: 614.29349pt x 794.96806pt.
File: documents/BOM_ENCODER_BOARD.pdf Graphic file (type pdf)
<use documents/BOM_ENCODER_BOARD.pdf, page 1>
Package pdftex.def Info: documents/BOM_ENCODER_BOARD.pdf , page1 used on input line 956.
(pdftex.def)             Requested size: 552.86038pt x 715.4664pt.
File: documents/BOM_ENCODER_BOARD.pdf Graphic file (type pdf)
<use documents/BOM_ENCODER_BOARD.pdf, page 1>
Package pdftex.def Info: documents/BOM_ENCODER_BOARD.pdf , page1 used on input line 956.
(pdftex.def)             Requested size: 552.86038pt x 715.4664pt.
File: documents/BOM_ENCODER_BOARD.pdf Graphic file (type pdf)
<use documents/BOM_ENCODER_BOARD.pdf, page 1>
Package pdftex.def Info: documents/BOM_ENCODER_BOARD.pdf , page1 used on input line 956.
(pdftex.def)             Requested size: 552.86038pt x 715.4664pt.
File: documents/BOM_ENCODER_BOARD.pdf Graphic file (type pdf)
<use documents/BOM_ENCODER_BOARD.pdf, page 1>
Package pdftex.def Info: documents/BOM_ENCODER_BOARD.pdf , page1 used on input line 956.
(pdftex.def)             Requested size: 552.86038pt x 715.4664pt.
[49 <./documents/BOM_ENCODER_BOARD.pdf>]

pdfTeX warning: pdflatex (file ./documents/BOM_IMU_BOARD.pdf): PDF inclusion: found PDF version <1.7>, but at most version <1.5> allowed
<documents/BOM_IMU_BOARD.pdf, id=657, 614.295pt x 794.97pt>
File: documents/BOM_IMU_BOARD.pdf Graphic file (type pdf)
<use documents/BOM_IMU_BOARD.pdf>
Package pdftex.def Info: documents/BOM_IMU_BOARD.pdf  used on input line 957.
(pdftex.def)             Requested size: 614.29349pt x 794.96806pt.


pdfTeX warning: pdflatex (file ./documents/BOM_IMU_BOARD.pdf): PDF inclusion: found PDF version <1.7>, but at most version <1.5> allowed
File: documents/BOM_IMU_BOARD.pdf Graphic file (type pdf)
<use documents/BOM_IMU_BOARD.pdf>
Package pdftex.def Info: documents/BOM_IMU_BOARD.pdf  used on input line 957.
(pdftex.def)             Requested size: 614.29349pt x 794.96806pt.


pdfTeX warning: pdflatex (file ./documents/BOM_IMU_BOARD.pdf): PDF inclusion: found PDF version <1.7>, but at most version <1.5> allowed


pdfTeX warning: pdflatex (file ./documents/BOM_IMU_BOARD.pdf): PDF inclusion: found PDF version <1.7>, but at most version <1.5> allowed
<documents/BOM_IMU_BOARD.pdf, id=660, page=1, 614.295pt x 794.97pt>
File: documents/BOM_IMU_BOARD.pdf Graphic file (type pdf)
<use documents/BOM_IMU_BOARD.pdf, page 1>
Package pdftex.def Info: documents/BOM_IMU_BOARD.pdf , page1 used on input line 957.
(pdftex.def)             Requested size: 614.29349pt x 794.96806pt.
File: documents/BOM_IMU_BOARD.pdf Graphic file (type pdf)
<use documents/BOM_IMU_BOARD.pdf, page 1>
Package pdftex.def Info: documents/BOM_IMU_BOARD.pdf , page1 used on input line 957.
(pdftex.def)             Requested size: 552.86038pt x 715.4664pt.
File: documents/BOM_IMU_BOARD.pdf Graphic file (type pdf)
<use documents/BOM_IMU_BOARD.pdf, page 1>
Package pdftex.def Info: documents/BOM_IMU_BOARD.pdf , page1 used on input line 957.
(pdftex.def)             Requested size: 552.86038pt x 715.4664pt.
File: documents/BOM_IMU_BOARD.pdf Graphic file (type pdf)
<use documents/BOM_IMU_BOARD.pdf, page 1>
Package pdftex.def Info: documents/BOM_IMU_BOARD.pdf , page1 used on input line 957.
(pdftex.def)             Requested size: 552.86038pt x 715.4664pt.
File: documents/BOM_IMU_BOARD.pdf Graphic file (type pdf)
<use documents/BOM_IMU_BOARD.pdf, page 1>
Package pdftex.def Info: documents/BOM_IMU_BOARD.pdf , page1 used on input line 957.
(pdftex.def)             Requested size: 552.86038pt x 715.4664pt.
[50 <./documents/BOM_IMU_BOARD.pdf>] (./main.aux)
Package rerunfilecheck Info: File `main.out' has not changed.
(rerunfilecheck)             Checksum: 0E153E1609BF1DC3C684D413E8592D7C;6374.
 ) 
Here is how much of TeX's memory you used:
 26849 strings out of 480247
 516310 string characters out of 5896150
 792601 words of memory out of 5000000
 44134 multiletter control sequences out of 15000+600000
 481591 words of font info for 74 fonts, out of 8000000 for 9000
 14 hyphenation exceptions out of 8191
 99i,18n,103p,1174b,1036s stack positions out of 5000i,500n,10000p,200000b,80000s
{/usr/share/texmf/fonts/enc/dvips/cm-super/cm-super-ts1.enc}</usr/share/texlive/texmf-dist/fonts/type1/public/amsfonts/cm/cmbx10.pfb></usr/share/texlive/texmf-dist/fonts/type1/public/amsfonts/cm/cmbx12.pfb></usr/share/texlive/texmf-dist/fonts/type1/public/amsfonts/cm/cmbx8.pfb></usr/share/texlive/texmf-dist/fonts/type1/public/amsfonts/cm/cmbxti10.pfb></usr/share/texlive/texmf-dist/fonts/type1/public/amsfonts/cm/cmex10.pfb></usr/share/texlive/texmf-dist/fonts/type1/public/amsfonts/cm/cmmi10.pfb></usr/share/texlive/texmf-dist/fonts/type1/public/amsfonts/cm/cmmi8.pfb></usr/share/texlive/texmf-dist/fonts/type1/public/amsfonts/cm/cmr10.pfb></usr/share/texlive/texmf-dist/fonts/type1/public/amsfonts/cm/cmr12.pfb></usr/share/texlive/texmf-dist/fonts/type1/public/amsfonts/cm/cmr8.pfb></usr/share/texlive/texmf-dist/fonts/type1/public/amsfonts/cm/cmss10.pfb></usr/share/texlive/texmf-dist/fonts/type1/public/amsfonts/cm/cmssbx10.pfb></usr/share/texlive/texmf-dist/fonts/type1/public/amsfonts/cm/cmsy10.pfb></usr/share/texlive/texmf-dist/fonts/type1/public/amsfonts/cm/cmsy8.pfb></usr/share/texlive/texmf-dist/fonts/type1/public/amsfonts/cm/cmti10.pfb></usr/share/texlive/texmf-dist/fonts/type1/public/amsfonts/cm/cmtt10.pfb></usr/share/texmf/fonts/type1/public/cm-super/sfbx1095.pfb></usr/share/texmf/fonts/type1/public/cm-super/sfrm1095.pfb>
Output written on main.pdf (51 pages, 14852386 bytes).
PDF statistics:
 788 PDF objects out of 1000 (max. 8388607)
 604 compressed objects within 7 object streams
 152 named destinations out of 1000 (max. 500000)
 533 words of extra memory for PDF output out of 10000 (max. 10000000)

