\BOOKMARK [1][-]{section*.2}{\376\377\000E\000x\000e\000c\000u\000t\000i\000v\000e\000\040\000S\000u\000m\000m\000a\000r\000y}{}% 1
\BOOKMARK [1][-]{section.1}{\376\377\000I\000n\000t\000r\000o\000d\000u\000c\000t\000i\000o\000n}{}% 2
\BOOKMARK [2][-]{subsection.1.1}{\376\377\000B\000a\000c\000k\000g\000r\000o\000u\000n\000d}{section.1}% 3
\BOOKMARK [2][-]{subsection.1.2}{\376\377\000N\000e\000e\000d\000s\000\040\000A\000s\000s\000e\000s\000s\000m\000e\000n\000t\000\040\000\046\000\040\000P\000r\000o\000b\000l\000e\000m\000\040\000F\000o\000r\000m\000u\000l\000a\000t\000i\000o\000n}{section.1}% 4
\BOOKMARK [2][-]{subsection.1.3}{\376\377\000C\000o\000n\000s\000t\000r\000a\000i\000n\000t\000s\000\040\000a\000n\000d\000\040\000C\000r\000i\000t\000e\000r\000i\000a}{section.1}% 5
\BOOKMARK [2][-]{subsection.1.4}{\376\377\000D\000e\000s\000i\000g\000n\000\040\000R\000e\000v\000i\000e\000w}{section.1}% 6
\BOOKMARK [1][-]{section.2}{\376\377\000F\000i\000n\000a\000l\000\040\000D\000e\000s\000i\000g\000n}{}% 7
\BOOKMARK [2][-]{subsection.2.1}{\376\377\000F\000i\000n\000a\000l\000\040\000D\000e\000s\000i\000g\000n\000\040\000D\000e\000t\000a\000i\000l\000s}{section.2}% 8
\BOOKMARK [3][-]{subsubsection.2.1.1}{\376\377\000H\000a\000l\000b\000a\000c\000h\000\040\000A\000r\000r\000a\000y\000\040\000B\000L\000D\000C\000\040\000M\000o\000t\000o\000r\000\040\000D\000e\000s\000i\000g\000n}{subsection.2.1}% 9
\BOOKMARK [3][-]{subsubsection.2.1.2}{\376\377\000E\000l\000e\000c\000t\000r\000i\000c\000a\000l\000\040\000S\000u\000b\000s\000y\000s\000t\000e\000m}{subsection.2.1}% 10
\BOOKMARK [3][-]{subsubsection.2.1.3}{\376\377\000F\000i\000r\000m\000w\000a\000r\000e\000\040\000a\000n\000d\000\040\000S\000o\000f\000t\000w\000a\000r\000e}{subsection.2.1}% 11
\BOOKMARK [2][-]{subsection.2.2}{\376\377\000M\000o\000d\000i\000f\000i\000c\000a\000t\000i\000o\000n\000s\000\040\000a\000n\000d\000\040\000D\000e\000v\000i\000a\000t\000i\000o\000n\000s\000\040\000f\000r\000o\000m\000\040\000O\000r\000i\000g\000i\000n\000a\000l\000\040\000D\000e\000s\000i\000g\000n}{section.2}% 12
\BOOKMARK [2][-]{subsection.2.3}{\376\377\000C\000o\000n\000s\000t\000r\000u\000c\000t\000i\000o\000n\000\040\000a\000n\000d\000\040\000M\000a\000n\000u\000f\000a\000c\000t\000u\000r\000i\000n\000g}{section.2}% 13
\BOOKMARK [3][-]{subsubsection.2.3.1}{\376\377\000E\000l\000e\000c\000t\000r\000i\000c\000a\000l\000\040\000A\000s\000s\000e\000m\000b\000l\000y}{subsection.2.3}% 14
\BOOKMARK [2][-]{subsection.2.4}{\376\377\000C\000o\000m\000m\000i\000s\000s\000i\000o\000n\000i\000n\000g\000\040\000\050\000C\000o\000m\000p\000o\000n\000e\000n\000t\000\040\000F\000u\000n\000c\000t\000i\000o\000n\000a\000l\000\040\000T\000e\000s\000t\000s\000\051}{section.2}% 15
\BOOKMARK [3][-]{subsubsection.2.4.1}{\376\377\000P\000C\000B\000\040\000\046\000\040\000B\000a\000t\000t\000e\000r\000y\000\040\000B\000r\000i\000n\000g\000-\000u\000p}{subsection.2.4}% 16
\BOOKMARK [3][-]{subsubsection.2.4.2}{\376\377\000F\000i\000r\000m\000w\000a\000r\000e\000\040\000F\000l\000a\000s\000h\000i\000n\000g\000\040\000\046\000\040\000T\000e\000l\000e\000m\000e\000t\000r\000y\000\040\000C\000h\000e\000c\000k}{subsection.2.4}% 17
\BOOKMARK [2][-]{subsection.2.5}{\376\377\000T\000e\000s\000t\000i\000n\000g\000\040\000a\000n\000d\000\040\000P\000e\000r\000f\000o\000r\000m\000a\000n\000c\000e}{section.2}% 18
\BOOKMARK [1][-]{section.3}{\376\377\000S\000c\000h\000e\000d\000u\000l\000e\000\040\000a\000n\000d\000\040\000B\000u\000d\000g\000e\000t\000i\000n\000g}{}% 19
\BOOKMARK [2][-]{subsection.3.1}{\376\377\000P\000r\000o\000j\000e\000c\000t\000\040\000S\000c\000h\000e\000d\000u\000l\000e}{section.3}% 20
\BOOKMARK [2][-]{subsection.3.2}{\376\377\000B\000u\000d\000g\000e\000t\000:\000\040\000P\000r\000o\000j\000e\000c\000t\000e\000d\000\040\000v\000s\000.\000\040\000A\000c\000t\000u\000a\000l\000\040\000C\000o\000s\000t}{section.3}% 21
\BOOKMARK [1][-]{section.4}{\376\377\000C\000o\000n\000c\000l\000u\000s\000i\000o\000n\000s\000\040\000a\000n\000d\000\040\000R\000e\000c\000o\000m\000m\000e\000n\000d\000a\000t\000i\000o\000n\000s}{}% 22
\BOOKMARK [2][-]{subsection.4.1}{\376\377\000C\000o\000n\000c\000l\000u\000s\000i\000o\000n\000s}{section.4}% 23
\BOOKMARK [2][-]{subsection.4.2}{\376\377\000R\000e\000c\000o\000m\000m\000e\000n\000d\000a\000t\000i\000o\000n\000s\000\040\000f\000o\000r\000\040\000F\000u\000t\000u\000r\000e\000\040\000W\000o\000r\000k}{section.4}% 24
\BOOKMARK [1][-]{section.5}{\376\377\000T\000e\000a\000m\000w\000o\000r\000k\000\040\000E\000f\000f\000o\000r\000t}{}% 25
\BOOKMARK [2][-]{subsection.5.1}{\376\377\000T\000e\000a\000m\000\040\000S\000t\000r\000u\000c\000t\000u\000r\000e\000\040\000a\000n\000d\000\040\000C\000o\000l\000l\000a\000b\000o\000r\000a\000t\000i\000o\000n}{section.5}% 26
\BOOKMARK [2][-]{subsection.5.2}{\376\377\000I\000n\000d\000i\000v\000i\000d\000u\000a\000l\000\040\000C\000o\000n\000t\000r\000i\000b\000u\000t\000i\000o\000n\000s}{section.5}% 27
\BOOKMARK [1][-]{section.6}{\376\377\000R\000e\000f\000e\000r\000e\000n\000c\000e\000s}{}% 28
\BOOKMARK [1][-]{section.6}{\376\377\000R\000e\000f\000e\000r\000e\000n\000c\000e\000s}{}% 29
\BOOKMARK [1][-]{appendix.A}{\376\377\000D\000e\000t\000a\000i\000l\000e\000d\000\040\000I\000n\000f\000o\000r\000m\000a\000t\000i\000o\000n\000\040\000a\000n\000d\000\040\000C\000a\000l\000c\000u\000l\000a\000t\000i\000o\000n\000s}{}% 30
\BOOKMARK [2][-]{subsection.A.1}{\376\377\000F\000O\000C\000\040\000P\000I\000\040\000G\000a\000i\000n\000\040\000D\000e\000r\000i\000v\000a\000t\000i\000o\000n}{appendix.A}% 31
\BOOKMARK [2][-]{subsection.A.2}{\376\377\000G\000a\000i\000t\000\040\000F\000e\000a\000t\000u\000r\000e\000\040\000V\000e\000c\000t\000o\000r}{appendix.A}% 32
\BOOKMARK [2][-]{subsection.A.3}{\376\377\000I\000m\000p\000e\000d\000a\000n\000c\000e\000\040\000C\000o\000n\000t\000r\000o\000l\000\040\000T\000o\000r\000q\000u\000e\000-\000t\000o\000-\000C\000u\000r\000r\000e\000n\000t\000\040\000D\000e\000r\000i\000v\000a\000t\000i\000o\000n}{appendix.A}% 33
\BOOKMARK [1][-]{appendix.B}{\376\377\000A\000s\000-\000B\000u\000i\000l\000t\000\040\000E\000n\000g\000i\000n\000e\000e\000r\000i\000n\000g\000\040\000D\000r\000a\000w\000i\000n\000g\000s}{}% 34
\BOOKMARK [1][-]{appendix.C}{\376\377\000B\000i\000l\000l\000\040\000o\000f\000\040\000M\000a\000t\000e\000r\000i\000a\000l\000s}{}% 35
